<?xml version="1.0" encoding="UTF-8"?>
<testsuite name="FileOperationTest" tests="1" skipped="0" failures="0" errors="0" timestamp="2020-12-27T14:27:56" hostname="prayas-HP-Laptop-15q-ds0xxx" time="0.006">
  <properties/>
  <testcase name="shouldAbleToWriteInFile" classname="FileOperationTest" time="0.006"/>
  <system-out><![CDATA[]]></system-out>
  <system-err><![CDATA[]]></system-err>
</testsuite>
